Using pre-set license
Built from '2021.3/china_unity/release' branch; Version is '2021.3.0f1c1 (c833db084d5b) revision 13120475'; Using compiler version '192829333'; Build Type 'Release'
OS: 'Windows 11  (10.0.22000) 64bit CoreCountrySpecific' Language: 'zh' Physical Memory: 16317 MB
BatchMode: 1, IsHumanControllingUs: 0, StartBugReporterOnCrash: 0, Is64bit: 1, IsPro: 1

COMMAND LINE ARGUMENTS:
D:\UnityHub\UnityEditor\2021.3.0f1c1\Editor\Unity.exe
-adb2
-batchMode
-noUpm
-name
AssetImportWorker2
-projectPath
E:/UnityProject/MapEditor/Client
-logFile
Logs/AssetImportWorker2.log
-srvPort
57408
Successfully changed project path to: E:/UnityProject/MapEditor/Client
E:/UnityProject/MapEditor/Client
[UnityMemory] Configuration Parameters - Can be set up in boot.config
    "memorysetup-bucket-allocator-granularity=16"
    "memorysetup-bucket-allocator-bucket-count=8"
    "memorysetup-bucket-allocator-block-size=33554432"
    "memorysetup-bucket-allocator-block-count=8"
    "memorysetup-main-allocator-block-size=16777216"
    "memorysetup-thread-allocator-block-size=16777216"
    "memorysetup-gfx-main-allocator-block-size=16777216"
    "memorysetup-gfx-thread-allocator-block-size=16777216"
    "memorysetup-cache-allocator-block-size=4194304"
    "memorysetup-typetree-allocator-block-size=2097152"
    "memorysetup-profiler-bucket-allocator-granularity=16"
    "memorysetup-profiler-bucket-allocator-bucket-count=8"
    "memorysetup-profiler-bucket-allocator-block-size=33554432"
    "memorysetup-profiler-bucket-allocator-block-count=8"
    "memorysetup-profiler-allocator-block-size=16777216"
    "memorysetup-profiler-editor-allocator-block-size=1048576"
    "memorysetup-temp-allocator-size-main=16777216"
    "memorysetup-job-temp-allocator-block-size=2097152"
    "memorysetup-job-temp-allocator-block-size-background=1048576"
    "memorysetup-job-temp-allocator-reduction-small-platforms=262144"
    "memorysetup-temp-allocator-size-background-worker=32768"
    "memorysetup-temp-allocator-size-job-worker=262144"
    "memorysetup-temp-allocator-size-preload-manager=33554432"
    "memorysetup-temp-allocator-size-nav-mesh-worker=65536"
    "memorysetup-temp-allocator-size-audio-worker=65536"
    "memorysetup-temp-allocator-size-cloud-worker=32768"
    "memorysetup-temp-allocator-size-gi-baking-worker=262144"
    "memorysetup-temp-allocator-size-gfx=262144"
AS: AutoStreaming module initializing.
Refreshing native plugins compatible for Editor in 152.05 ms, found 3 plugins.
Preloading 0 native plugins for Editor in 0.00 ms.
Initialize engine version: 2021.3.0f1c1 (c833db084d5b)
[Subsystems] Discovering subsystems at path D:/UnityHub/UnityEditor/2021.3.0f1c1/Editor/Data/Resources/UnitySubsystems
[Subsystems] Discovering subsystems at path E:/UnityProject/MapEditor/Client/Assets
GfxDevice: creating device client; threaded=0; jobified=0
Direct3D:
    Version:  Direct3D 11.0 [level 11.1]
    Renderer: AMD Radeon RX 580 2048SP (ID=0x6fdf)
    Vendor:   ATI
    VRAM:     4075 MB
    Driver:   30.0.13023.4001
Initialize mono
Mono path[0] = 'D:/UnityHub/UnityEditor/2021.3.0f1c1/Editor/Data/Managed'
Mono path[1] = 'D:/UnityHub/UnityEditor/2021.3.0f1c1/Editor/Data/MonoBleedingEdge/lib/mono/unityjit-win32'
Mono config path = 'D:/UnityHub/UnityEditor/2021.3.0f1c1/Editor/Data/MonoBleedingEdge/etc'
Using monoOptions --debugger-agent=transport=dt_socket,embedding=1,server=y,suspend=n,address=127.0.0.1:56904
Begin MonoManager ReloadAssembly
Registering precompiled unity dll's ...
Register platform support module: D:/UnityHub/UnityEditor/2021.3.0f1c1/Editor/Data/PlaybackEngines/WindowsStandaloneSupport/UnityEditor.WindowsStandalone.Extensions.dll
Registered in 0.003352 seconds.
Native extension for WindowsStandalone target not found
Refreshing native plugins compatible for Editor in 121.98 ms, found 3 plugins.
Preloading 0 native plugins for Editor in 0.00 ms.
Mono: successfully reloaded assembly
- Completed reload, in  0.798 seconds
Domain Reload Profiling:
	ReloadAssembly (799ms)
		BeginReloadAssembly (99ms)
			ExecutionOrderSort (0ms)
			DisableScriptedObjects (0ms)
			BackupInstance (0ms)
			ReleaseScriptingObjects (0ms)
			CreateAndSetChildDomain (1ms)
		EndReloadAssembly (561ms)
			LoadAssemblies (95ms)
			RebuildTransferFunctionScriptingTraits (0ms)
			SetupTypeCache (130ms)
			ReleaseScriptCaches (0ms)
			RebuildScriptCaches (32ms)
			SetupLoadedEditorAssemblies (335ms)
				LogAssemblyErrors (0ms)
				InitializePlatformSupportModulesInManaged (8ms)
				SetLoadedEditorAssemblies (0ms)
				RefreshPlugins (122ms)
				BeforeProcessingInitializeOnLoad (2ms)
				ProcessInitializeOnLoadAttributes (149ms)
				ProcessInitializeOnLoadMethodAttributes (54ms)
				AfterProcessingInitializeOnLoad (0ms)
				EditorAssembliesLoaded (0ms)
			ExecutionOrderSort2 (0ms)
			AwakeInstancesAfterBackupRestoration (0ms)
Platform modules already initialized, skipping
Registering precompiled user dll's ...
Registered in 0.019899 seconds.
Begin MonoManager ReloadAssembly
Symbol file LoadedFromMemory doesn't match image E:\UnityProject\MapEditor\Client\Library\PackageCache\com.unity.visualscripting@1.7.6\Editor\VisualScripting.Core\Dependencies\DotNetZip\Unity.VisualScripting.IonicZip.dll
Symbol file LoadedFromMemory doesn't match image E:\UnityProject\MapEditor\Client\Library\PackageCache\com.unity.visualscripting@1.7.6\Editor\VisualScripting.Core\Dependencies\YamlDotNet\Unity.VisualScripting.YamlDotNet.dll
Symbol file LoadedFromMemory is not a mono symbol file
Native extension for WindowsStandalone target not found
Refreshing native plugins compatible for Editor in 1.39 ms, found 3 plugins.
Preloading 0 native plugins for Editor in 0.00 ms.
Package Manager log level set to [2]
Mono: successfully reloaded assembly
- Completed reload, in  1.637 seconds
Domain Reload Profiling:
	ReloadAssembly (1638ms)
		BeginReloadAssembly (125ms)
			ExecutionOrderSort (0ms)
			DisableScriptedObjects (7ms)
			BackupInstance (0ms)
			ReleaseScriptingObjects (0ms)
			CreateAndSetChildDomain (20ms)
		EndReloadAssembly (1357ms)
			LoadAssemblies (256ms)
			RebuildTransferFunctionScriptingTraits (0ms)
			SetupTypeCache (410ms)
			ReleaseScriptCaches (1ms)
			RebuildScriptCaches (74ms)
			SetupLoadedEditorAssemblies (549ms)
				LogAssemblyErrors (0ms)
				InitializePlatformSupportModulesInManaged (5ms)
				SetLoadedEditorAssemblies (1ms)
				RefreshPlugins (1ms)
				BeforeProcessingInitializeOnLoad (116ms)
				ProcessInitializeOnLoadAttributes (259ms)
				ProcessInitializeOnLoadMethodAttributes (157ms)
				AfterProcessingInitializeOnLoad (9ms)
				EditorAssembliesLoaded (0ms)
			ExecutionOrderSort2 (0ms)
			AwakeInstancesAfterBackupRestoration (7ms)
Platform modules already initialized, skipping
========================================================================
Worker process is ready to serve import requests
Launched and connected shader compiler UnityShaderCompiler.exe after 0.10 seconds
Refreshing native plugins compatible for Editor in 1.39 ms, found 3 plugins.
Preloading 0 native plugins for Editor in 0.00 ms.
Unloading 3863 Unused Serialized files (Serialized files now loaded: 0)
Unloading 62 unused Assets / (113.5 KB). Loaded Objects now: 4296.
Memory consumption went from 131.4 MB to 131.3 MB.
Total: 9.104200 ms (FindLiveObjects: 0.436900 ms CreateObjectMapping: 0.146700 ms MarkObjects: 8.325700 ms  DeleteObjects: 0.193200 ms)

AssetImportParameters requested are different than current active one (requested -> active):
  custom:video-decoder-ogg-theora: a1e56fd34408186e4bbccfd4996cb3dc -> 
  custom:container-muxer-webm: aa71ff27fc2769a1b78a27578f13a17b -> 
  custom:container-demuxer-webm: 4f35f7cbe854078d1ac9338744f61a02 -> 
  custom:video-encoder-webm-vp8: eb34c28f22e8b96e1ab97ce403110664 -> 
  custom:audio-encoder-webm-vorbis: bf7c407c2cedff20999df2af8eb42d56 -> 
  custom:framework-win-MediaFoundation: 216162199b28c13a410421893ffa2e32 -> 
  custom:container-demuxer-ogg: 62fdf1f143b41e24485cea50d1cbac27 -> 
  custom:video-decoder-webm-vp8: 9c59270c3fd7afecdb556c50c9e8de78 -> 
  custom:audio-decoder-ogg-vorbis: bf7c407c2cedff20999df2af8eb42d56 -> 
========================================================================
Received Import Request.
  Time since last request: 106911.525304 seconds.
  path: Assets/AssetsPackage/MapItems/1002.prefab
  artifactKey: Guid(f841a7f0f554a20458890aaee7e6c133) Importer(815301076,1909f56bfc062723c751e8b465ee728b)
Start importing Assets/AssetsPackage/MapItems/1002.prefab using Guid(f841a7f0f554a20458890aaee7e6c133) Importer(815301076,1909f56bfc062723c751e8b465ee728b)  -> (artifact id: '32e39f7f9c2baa804713e8b6ce3f4474') in 0.217668 seconds 
========================================================================
Received Import Request.
  Time since last request: 0.000041 seconds.
  path: Assets/AssetsPackage/MapItems/1006.prefab
  artifactKey: Guid(3bdf3e9060a28984d905b96c89ecb180) Importer(815301076,1909f56bfc062723c751e8b465ee728b)
Start importing Assets/AssetsPackage/MapItems/1006.prefab using Guid(3bdf3e9060a28984d905b96c89ecb180) Importer(815301076,1909f56bfc062723c751e8b465ee728b)  -> (artifact id: 'ec2466fafed3752df004dcf61d70ada0') in 0.028112 seconds 
========================================================================
Received Import Request.
  Time since last request: 0.000041 seconds.
  path: Assets/AssetsPackage/SkyBoxAndWater/waterPlane.prefab
  artifactKey: Guid(b9199619da51cde4ab352f9e20a700d2) Importer(815301076,1909f56bfc062723c751e8b465ee728b)
Start importing Assets/AssetsPackage/SkyBoxAndWater/waterPlane.prefab using Guid(b9199619da51cde4ab352f9e20a700d2) Importer(815301076,1909f56bfc062723c751e8b465ee728b)  -> (artifact id: 'a861726f6d65fc77acb39088bbdad825') in 0.026545 seconds 
========================================================================
Received Import Request.
  Time since last request: 0.000036 seconds.
  path: Assets/AssetsPackage/SkyBoxAndWater/skyBox.prefab
  artifactKey: Guid(78858ebb2df9e394285d7ff26fc92dbc) Importer(815301076,1909f56bfc062723c751e8b465ee728b)
Start importing Assets/AssetsPackage/SkyBoxAndWater/skyBox.prefab using Guid(78858ebb2df9e394285d7ff26fc92dbc) Importer(815301076,1909f56bfc062723c751e8b465ee728b)  -> (artifact id: '84daf7955eb27c62ddedf35164bd4995') in 0.025673 seconds 
========================================================================
Received Import Request.
  Time since last request: 0.000034 seconds.
  path: Assets/AssetsPackage/MapItems/1010.prefab
  artifactKey: Guid(7c2e256c6990c5b49874c844584f45a2) Importer(815301076,1909f56bfc062723c751e8b465ee728b)
Start importing Assets/AssetsPackage/MapItems/1010.prefab using Guid(7c2e256c6990c5b49874c844584f45a2) Importer(815301076,1909f56bfc062723c751e8b465ee728b)  -> (artifact id: 'eba4746b2db5dc99eff85fe7392d2866') in 0.045096 seconds 
========================================================================
Received Import Request.
  Time since last request: 0.000034 seconds.
  path: Assets/AssetsPackage/MapItems/1004.prefab
  artifactKey: Guid(14a6d284b1a3a8e46aef0df0a8c5510d) Importer(815301076,1909f56bfc062723c751e8b465ee728b)
Start importing Assets/AssetsPackage/MapItems/1004.prefab using Guid(14a6d284b1a3a8e46aef0df0a8c5510d) Importer(815301076,1909f56bfc062723c751e8b465ee728b)  -> (artifact id: '51ba2a5f36711b6fb69f79f8c641998e') in 0.028008 seconds 
========================================================================
Received Import Request.
  Time since last request: 0.000037 seconds.
  path: Assets/AssetsPackage/MapItems/1011.prefab
  artifactKey: Guid(069d0ec33166b45438a7cf9c80137ce3) Importer(815301076,1909f56bfc062723c751e8b465ee728b)
Start importing Assets/AssetsPackage/MapItems/1011.prefab using Guid(069d0ec33166b45438a7cf9c80137ce3) Importer(815301076,1909f56bfc062723c751e8b465ee728b)  -> (artifact id: '5e8c103b75b5a506a323c891b8633958') in 0.023906 seconds 
========================================================================
Received Import Request.
  Time since last request: 0.000041 seconds.
  path: Assets/AssetsPackage/MapItems/1008.prefab
  artifactKey: Guid(a60b73f74226d4d4a89e93f4a6ab9508) Importer(815301076,1909f56bfc062723c751e8b465ee728b)
Start importing Assets/AssetsPackage/MapItems/1008.prefab using Guid(a60b73f74226d4d4a89e93f4a6ab9508) Importer(815301076,1909f56bfc062723c751e8b465ee728b)  -> (artifact id: '1138988da9f79b9d83801839309514d1') in 0.023509 seconds 
========================================================================
Received Prepare
Registering precompiled user dll's ...
Registered in 0.020115 seconds.
Begin MonoManager ReloadAssembly
Symbol file LoadedFromMemory doesn't match image E:\UnityProject\MapEditor\Client\Library\PackageCache\com.unity.visualscripting@1.7.6\Editor\VisualScripting.Core\Dependencies\DotNetZip\Unity.VisualScripting.IonicZip.dll
Symbol file LoadedFromMemory doesn't match image E:\UnityProject\MapEditor\Client\Library\PackageCache\com.unity.visualscripting@1.7.6\Editor\VisualScripting.Core\Dependencies\YamlDotNet\Unity.VisualScripting.YamlDotNet.dll
Symbol file LoadedFromMemory is not a mono symbol file
Native extension for WindowsStandalone target not found
Refreshing native plugins compatible for Editor in 1.56 ms, found 3 plugins.
Preloading 0 native plugins for Editor in 0.00 ms.
Mono: successfully reloaded assembly
- Completed reload, in  1.588 seconds
Domain Reload Profiling:
	ReloadAssembly (1588ms)
		BeginReloadAssembly (197ms)
			ExecutionOrderSort (0ms)
			DisableScriptedObjects (7ms)
			BackupInstance (0ms)
			ReleaseScriptingObjects (0ms)
			CreateAndSetChildDomain (55ms)
		EndReloadAssembly (1236ms)
			LoadAssemblies (166ms)
			RebuildTransferFunctionScriptingTraits (0ms)
			SetupTypeCache (376ms)
			ReleaseScriptCaches (2ms)
			RebuildScriptCaches (58ms)
			SetupLoadedEditorAssemblies (558ms)
				LogAssemblyErrors (0ms)
				InitializePlatformSupportModulesInManaged (18ms)
				SetLoadedEditorAssemblies (1ms)
				RefreshPlugins (2ms)
				BeforeProcessingInitializeOnLoad (92ms)
				ProcessInitializeOnLoadAttributes (262ms)
				ProcessInitializeOnLoadMethodAttributes (173ms)
				AfterProcessingInitializeOnLoad (12ms)
				EditorAssembliesLoaded (0ms)
			ExecutionOrderSort2 (0ms)
			AwakeInstancesAfterBackupRestoration (8ms)
Platform modules already initialized, skipping
Refreshing native plugins compatible for Editor in 13.93 ms, found 3 plugins.
Preloading 0 native plugins for Editor in 0.00 ms.
Unloading 3857 Unused Serialized files (Serialized files now loaded: 0)
Unloading 51 unused Assets / (80.3 KB). Loaded Objects now: 4306.
Memory consumption went from 135.6 MB to 135.6 MB.
Total: 7.964100 ms (FindLiveObjects: 0.388400 ms CreateObjectMapping: 0.097900 ms MarkObjects: 7.346100 ms  DeleteObjects: 0.130300 ms)

AssetImportParameters requested are different than current active one (requested -> active):
  custom:video-decoder-ogg-theora: a1e56fd34408186e4bbccfd4996cb3dc -> 
  custom:container-muxer-webm: aa71ff27fc2769a1b78a27578f13a17b -> 
  custom:container-demuxer-webm: 4f35f7cbe854078d1ac9338744f61a02 -> 
  custom:video-encoder-webm-vp8: eb34c28f22e8b96e1ab97ce403110664 -> 
  custom:audio-encoder-webm-vorbis: bf7c407c2cedff20999df2af8eb42d56 -> 
  custom:framework-win-MediaFoundation: 216162199b28c13a410421893ffa2e32 -> 
  custom:container-demuxer-ogg: 62fdf1f143b41e24485cea50d1cbac27 -> 
  custom:video-decoder-webm-vp8: 9c59270c3fd7afecdb556c50c9e8de78 -> 
  custom:audio-decoder-ogg-vorbis: bf7c407c2cedff20999df2af8eb42d56 -> 
========================================================================
Received Import Request.
  Time since last request: 699.570530 seconds.
  path: Assets/AssetsPackage/Datas/Map/map1.csv
  artifactKey: Guid(bd3310f6be4a46c4caac25fd5056b59a) Importer(815301076,1909f56bfc062723c751e8b465ee728b)
Start importing Assets/AssetsPackage/Datas/Map/map1.csv using Guid(bd3310f6be4a46c4caac25fd5056b59a) Importer(815301076,1909f56bfc062723c751e8b465ee728b)  -> (artifact id: '5524f1a2e9bbd818e1eb0d81973d9df0') in 0.067974 seconds 
========================================================================
Received Import Request.
  Time since last request: 0.592814 seconds.
  path: Assets/AssetsPackage/Datas/Map/map2.csv
  artifactKey: Guid(291bf08b08960f94087b06dc2e3aca92) Importer(815301076,1909f56bfc062723c751e8b465ee728b)
Start importing Assets/AssetsPackage/Datas/Map/map2.csv using Guid(291bf08b08960f94087b06dc2e3aca92) Importer(815301076,1909f56bfc062723c751e8b465ee728b)  -> (artifact id: '0d21c0f99a51035be1c5ad716a670b36') in 0.007062 seconds 
========================================================================
Received Import Request.
  Time since last request: 0.534449 seconds.
  path: Assets/AssetsPackage/Datas/Map/map3.csv
  artifactKey: Guid(abaa26eaed4de9e47b058433ceaaa599) Importer(815301076,1909f56bfc062723c751e8b465ee728b)
Start importing Assets/AssetsPackage/Datas/Map/map3.csv using Guid(abaa26eaed4de9e47b058433ceaaa599) Importer(815301076,1909f56bfc062723c751e8b465ee728b)  -> (artifact id: '6213b1f9abfc44a39ffdba1b1b2679bd') in 0.006941 seconds 
========================================================================
Received Import Request.
  Time since last request: 0.559539 seconds.
  path: Assets/AssetsPackage/Datas/Map/map4.csv
  artifactKey: Guid(e3d576d262c54b74f8491451747d65ff) Importer(815301076,1909f56bfc062723c751e8b465ee728b)
Start importing Assets/AssetsPackage/Datas/Map/map4.csv using Guid(e3d576d262c54b74f8491451747d65ff) Importer(815301076,1909f56bfc062723c751e8b465ee728b)  -> (artifact id: 'd6acf6fd2b2943d34764e4344c171114') in 0.006498 seconds 
========================================================================
Received Import Request.
  Time since last request: 9.210391 seconds.
  path: Assets/AssetsPackage/MapModels/Road/road01.FBX
  artifactKey: Guid(afb16b404a378bc4c8172465bc649772) Importer(815301076,1909f56bfc062723c751e8b465ee728b)
Start importing Assets/AssetsPackage/MapModels/Road/road01.FBX using Guid(afb16b404a378bc4c8172465bc649772) Importer(815301076,1909f56bfc062723c751e8b465ee728b)  -> (artifact id: '56fff0c4b967bb031f890d956fc54cd4') in 0.418170 seconds 
========================================================================
Received Import Request.
  Time since last request: 4.333028 seconds.
  path: Assets/AssetsPackage/MapModels/Road/road03.FBX
  artifactKey: Guid(a2e26fcabe761244d9e3b262dd305609) Importer(815301076,1909f56bfc062723c751e8b465ee728b)
Start importing Assets/AssetsPackage/MapModels/Road/road03.FBX using Guid(a2e26fcabe761244d9e3b262dd305609) Importer(815301076,1909f56bfc062723c751e8b465ee728b)  -> (artifact id: '71e48760159fe5007fa1a93dad3e4dac') in 0.031048 seconds 
========================================================================
Received Import Request.
  Time since last request: 0.895243 seconds.
  path: Assets/AssetsPackage/MapModels/Road/road02.FBX
  artifactKey: Guid(cd2d42d0834be87429e0070750b4a2be) Importer(815301076,1909f56bfc062723c751e8b465ee728b)
Start importing Assets/AssetsPackage/MapModels/Road/road02.FBX using Guid(cd2d42d0834be87429e0070750b4a2be) Importer(815301076,1909f56bfc062723c751e8b465ee728b)  -> (artifact id: 'f7824f15d3b5cbb26ad2e974f194e4e4') in 0.027728 seconds 
========================================================================
Received Import Request.
  Time since last request: 0.910882 seconds.
  path: Assets/AssetsPackage/MapModels/Road/roadCircle02.FBX
  artifactKey: Guid(960349dbaa8a01d4e8dab49b7af5025a) Importer(815301076,1909f56bfc062723c751e8b465ee728b)
Start importing Assets/AssetsPackage/MapModels/Road/roadCircle02.FBX using Guid(960349dbaa8a01d4e8dab49b7af5025a) Importer(815301076,1909f56bfc062723c751e8b465ee728b)  -> (artifact id: '4e15b82eaac47936a8b86d2cc076ee93') in 0.030638 seconds 
========================================================================
Received Import Request.
  Time since last request: 0.309397 seconds.
  path: Assets/AssetsPackage/MapModels/Road/roadEnd.FBX
  artifactKey: Guid(fa64f3d51e39d4448975bfec6167970b) Importer(815301076,1909f56bfc062723c751e8b465ee728b)
Start importing Assets/AssetsPackage/MapModels/Road/roadEnd.FBX using Guid(fa64f3d51e39d4448975bfec6167970b) Importer(815301076,1909f56bfc062723c751e8b465ee728b)  -> (artifact id: 'bb7e2edca6b7157a9510c8bcb3772b53') in 0.029569 seconds 
========================================================================
Received Import Request.
  Time since last request: 0.317162 seconds.
  path: Assets/AssetsPackage/MapModels/Road/roadLeft02.FBX
  artifactKey: Guid(6147de10c33f8e34f9eb2413eef0c935) Importer(815301076,1909f56bfc062723c751e8b465ee728b)
Start importing Assets/AssetsPackage/MapModels/Road/roadLeft02.FBX using Guid(6147de10c33f8e34f9eb2413eef0c935) Importer(815301076,1909f56bfc062723c751e8b465ee728b)  -> (artifact id: '0a86103e57f3df4b6e5e22265aff5964') in 0.031784 seconds 
========================================================================
Received Import Request.
  Time since last request: 0.331951 seconds.
  path: Assets/AssetsPackage/MapModels/Road/roadRight02.FBX
  artifactKey: Guid(824d7967d609e9e4cac6c94a6777ba2a) Importer(815301076,1909f56bfc062723c751e8b465ee728b)
Start importing Assets/AssetsPackage/MapModels/Road/roadRight02.FBX using Guid(824d7967d609e9e4cac6c94a6777ba2a) Importer(815301076,1909f56bfc062723c751e8b465ee728b)  -> (artifact id: '9ef5c365fef8742d15edfe1f1c68bf6f') in 0.030603 seconds 
========================================================================
Received Import Request.
  Time since last request: 17.663003 seconds.
  path: Assets/Scenes/SampleScene.unity
  artifactKey: Guid(9fc0d4010bbf28b4594072e72b8655ab) Importer(815301076,1909f56bfc062723c751e8b465ee728b)
Start importing Assets/Scenes/SampleScene.unity using Guid(9fc0d4010bbf28b4594072e72b8655ab) Importer(815301076,1909f56bfc062723c751e8b465ee728b)  -> (artifact id: 'e55ccaa32d8e5c1de03c07a5412c8c3c') in 0.010209 seconds 
========================================================================
Received Import Request.
  Time since last request: 5.402272 seconds.
  path: Assets/Scenes/mapEditor.unity
  artifactKey: Guid(9fc0d4010bbf28b4594072e72b8655ab) Importer(815301076,1909f56bfc062723c751e8b465ee728b)
Start importing Assets/Scenes/mapEditor.unity using Guid(9fc0d4010bbf28b4594072e72b8655ab) Importer(815301076,1909f56bfc062723c751e8b465ee728b)  -> (artifact id: '3d2354c6ee37f1f907f3e1f8ff4c8358') in 0.006291 seconds 
========================================================================
Received Import Request.
  Time since last request: 34.292112 seconds.
  path: Assets/AssetsPackage/New Folder
  artifactKey: Guid(5f532d6ab89be824fa536e4085611611) Importer(815301076,1909f56bfc062723c751e8b465ee728b)
Start importing Assets/AssetsPackage/New Folder using Guid(5f532d6ab89be824fa536e4085611611) Importer(815301076,1909f56bfc062723c751e8b465ee728b)  -> (artifact id: '220a37f46d370f92906c5ea74a65c7af') in 0.007787 seconds 
========================================================================
Received Import Request.
  Time since last request: 24.782900 seconds.
  path: Assets/AssetsPackage/prefab
  artifactKey: Guid(5f532d6ab89be824fa536e4085611611) Importer(815301076,1909f56bfc062723c751e8b465ee728b)
Start importing Assets/AssetsPackage/prefab using Guid(5f532d6ab89be824fa536e4085611611) Importer(815301076,1909f56bfc062723c751e8b465ee728b)  -> (artifact id: '49158e07f35c7e36dc2df51015eb9279') in 0.019252 seconds 
========================================================================
Received Import Request.
  Time since last request: 19.630954 seconds.
  path: Assets/AssetsPackage/prefab/New Folder
  artifactKey: Guid(5abe15f3d52110242b1d77cb2c3acbcf) Importer(815301076,1909f56bfc062723c751e8b465ee728b)
Start importing Assets/AssetsPackage/prefab/New Folder using Guid(5abe15f3d52110242b1d77cb2c3acbcf) Importer(815301076,1909f56bfc062723c751e8b465ee728b)  -> (artifact id: '68626caea8af11e263511006a3e01f4a') in 0.002484 seconds 
========================================================================
Received Import Request.
  Time since last request: 13.067984 seconds.
  path: Assets/AssetsPackage/prefab/map
  artifactKey: Guid(5abe15f3d52110242b1d77cb2c3acbcf) Importer(815301076,1909f56bfc062723c751e8b465ee728b)
Start importing Assets/AssetsPackage/prefab/map using Guid(5abe15f3d52110242b1d77cb2c3acbcf) Importer(815301076,1909f56bfc062723c751e8b465ee728b)  -> (artifact id: 'c93cead02e98c181039b6454a10400c0') in 0.006595 seconds 
========================================================================
Received Import Request.
  Time since last request: 4.785634 seconds.
  path: Assets/AssetsPackage/prefab/map/demo.prefab
  artifactKey: Guid(ecb42d754100011469bce464e83ac7b6) Importer(815301076,1909f56bfc062723c751e8b465ee728b)
Start importing Assets/AssetsPackage/prefab/map/demo.prefab using Guid(ecb42d754100011469bce464e83ac7b6) Importer(815301076,1909f56bfc062723c751e8b465ee728b)  -> (artifact id: '95dbc9319df44480207ff8bcf2500473') in 0.031048 seconds 
========================================================================
Received Import Request.
  Time since last request: 53.838749 seconds.
  path: Assets/AssetsPackage/prefab/map/map.prefab
  artifactKey: Guid(ecb42d754100011469bce464e83ac7b6) Importer(815301076,1909f56bfc062723c751e8b465ee728b)
Start importing Assets/AssetsPackage/prefab/map/map.prefab using Guid(ecb42d754100011469bce464e83ac7b6) Importer(815301076,1909f56bfc062723c751e8b465ee728b)  -> (artifact id: '6a9e2d24ee8561c5529ee09f2fe0ba80') in 0.029139 seconds 
========================================================================
Received Import Request.
  Time since last request: 49.288033 seconds.
  path: Assets/AssetsPackage/MapModels/skybox/skyBox.FBX
  artifactKey: Guid(ffcb213932d82f340ad9738809adabd9) Importer(815301076,1909f56bfc062723c751e8b465ee728b)
Start importing Assets/AssetsPackage/MapModels/skybox/skyBox.FBX using Guid(ffcb213932d82f340ad9738809adabd9) Importer(815301076,1909f56bfc062723c751e8b465ee728b)  -> (artifact id: 'f4f55751daf1e34629595195869d0106') in 0.027642 seconds 
========================================================================
Received Import Request.
  Time since last request: 3.406204 seconds.
  path: Assets/AssetsPackage/MapModels/skybox/skyBox1.jpg
  artifactKey: Guid(df3c65ca56c2e494da81507b34bcf4e7) Importer(815301076,1909f56bfc062723c751e8b465ee728b)
Start importing Assets/AssetsPackage/MapModels/skybox/skyBox1.jpg using Guid(df3c65ca56c2e494da81507b34bcf4e7) Importer(815301076,1909f56bfc062723c751e8b465ee728b)  -> (artifact id: '22cc5b0c5d84902e3e72094b0abb28b8') in 0.112200 seconds 
========================================================================
Received Import Request.
  Time since last request: 310.146261 seconds.
  path: Assets/Script
  artifactKey: Guid(4d7c76b914e52494192667edc2a13c7c) Importer(815301076,1909f56bfc062723c751e8b465ee728b)
Start importing Assets/Script using Guid(4d7c76b914e52494192667edc2a13c7c) Importer(815301076,1909f56bfc062723c751e8b465ee728b)  -> (artifact id: 'd023a01a5e08137f3d397ec5ef099249') in 0.060783 seconds 
========================================================================
Received Import Request.
  Time since last request: 10.653605 seconds.
  path: Assets/Editor
  artifactKey: Guid(d4d2d20a78c4c9e47a7cbcf1c62eeb75) Importer(815301076,1909f56bfc062723c751e8b465ee728b)
Start importing Assets/Editor using Guid(d4d2d20a78c4c9e47a7cbcf1c62eeb75) Importer(815301076,1909f56bfc062723c751e8b465ee728b)  -> (artifact id: '3d3b39e0bf53b91526507fd3d90ac5dc') in 0.006281 seconds 
========================================================================
Received Import Request.
  Time since last request: 19.118171 seconds.
  path: Assets/Editor/ExportMap.cs
  artifactKey: Guid(5bbe60b1dbe8b9c46a3c9d069f1e09b1) Importer(815301076,1909f56bfc062723c751e8b465ee728b)
Start importing Assets/Editor/ExportMap.cs using Guid(5bbe60b1dbe8b9c46a3c9d069f1e09b1) Importer(815301076,1909f56bfc062723c751e8b465ee728b)  -> (artifact id: '71e786c613cd928a93897c75162b30b7') in 0.010889 seconds 
========================================================================
Received Prepare
Registering precompiled user dll's ...
Registered in 0.021442 seconds.
Begin MonoManager ReloadAssembly
Symbol file LoadedFromMemory doesn't match image E:\UnityProject\MapEditor\Client\Library\PackageCache\com.unity.visualscripting@1.7.6\Editor\VisualScripting.Core\Dependencies\DotNetZip\Unity.VisualScripting.IonicZip.dll
Symbol file LoadedFromMemory doesn't match image E:\UnityProject\MapEditor\Client\Library\PackageCache\com.unity.visualscripting@1.7.6\Editor\VisualScripting.Core\Dependencies\YamlDotNet\Unity.VisualScripting.YamlDotNet.dll
Symbol file LoadedFromMemory is not a mono symbol file
Native extension for WindowsStandalone target not found
Refreshing native plugins compatible for Editor in 1.73 ms, found 3 plugins.
Preloading 0 native plugins for Editor in 0.00 ms.
Mono: successfully reloaded assembly
- Completed reload, in  1.379 seconds
Domain Reload Profiling:
	ReloadAssembly (1380ms)
		BeginReloadAssembly (163ms)
			ExecutionOrderSort (0ms)
			DisableScriptedObjects (8ms)
			BackupInstance (0ms)
			ReleaseScriptingObjects (0ms)
			CreateAndSetChildDomain (46ms)
		EndReloadAssembly (1078ms)
			LoadAssemblies (133ms)
			RebuildTransferFunctionScriptingTraits (0ms)
			SetupTypeCache (329ms)
			ReleaseScriptCaches (2ms)
			RebuildScriptCaches (51ms)
			SetupLoadedEditorAssemblies (492ms)
				LogAssemblyErrors (0ms)
				InitializePlatformSupportModulesInManaged (14ms)
				SetLoadedEditorAssemblies (1ms)
				RefreshPlugins (2ms)
				BeforeProcessingInitializeOnLoad (84ms)
				ProcessInitializeOnLoadAttributes (236ms)
				ProcessInitializeOnLoadMethodAttributes (145ms)
				AfterProcessingInitializeOnLoad (10ms)
				EditorAssembliesLoaded (0ms)
			ExecutionOrderSort2 (0ms)
			AwakeInstancesAfterBackupRestoration (7ms)
Platform modules already initialized, skipping
Refreshing native plugins compatible for Editor in 12.29 ms, found 3 plugins.
Preloading 0 native plugins for Editor in 0.00 ms.
Unloading 3858 Unused Serialized files (Serialized files now loaded: 0)
Unloading 51 unused Assets / (80.3 KB). Loaded Objects now: 4347.
Memory consumption went from 136.1 MB to 136.0 MB.
Total: 7.778900 ms (FindLiveObjects: 0.342000 ms CreateObjectMapping: 0.091400 ms MarkObjects: 7.208400 ms  DeleteObjects: 0.134300 ms)

AssetImportParameters requested are different than current active one (requested -> active):
  custom:video-decoder-ogg-theora: a1e56fd34408186e4bbccfd4996cb3dc -> 
  custom:container-muxer-webm: aa71ff27fc2769a1b78a27578f13a17b -> 
  custom:container-demuxer-webm: 4f35f7cbe854078d1ac9338744f61a02 -> 
  custom:video-encoder-webm-vp8: eb34c28f22e8b96e1ab97ce403110664 -> 
  custom:audio-encoder-webm-vorbis: bf7c407c2cedff20999df2af8eb42d56 -> 
  custom:framework-win-MediaFoundation: 216162199b28c13a410421893ffa2e32 -> 
  custom:container-demuxer-ogg: 62fdf1f143b41e24485cea50d1cbac27 -> 
  custom:video-decoder-webm-vp8: 9c59270c3fd7afecdb556c50c9e8de78 -> 
  custom:audio-decoder-ogg-vorbis: bf7c407c2cedff20999df2af8eb42d56 -> 
========================================================================
Received Prepare
Registering precompiled user dll's ...
Registered in 0.020034 seconds.
Begin MonoManager ReloadAssembly
Symbol file LoadedFromMemory doesn't match image E:\UnityProject\MapEditor\Client\Library\PackageCache\com.unity.visualscripting@1.7.6\Editor\VisualScripting.Core\Dependencies\DotNetZip\Unity.VisualScripting.IonicZip.dll
Symbol file LoadedFromMemory doesn't match image E:\UnityProject\MapEditor\Client\Library\PackageCache\com.unity.visualscripting@1.7.6\Editor\VisualScripting.Core\Dependencies\YamlDotNet\Unity.VisualScripting.YamlDotNet.dll
Symbol file LoadedFromMemory is not a mono symbol file
Native extension for WindowsStandalone target not found
Refreshing native plugins compatible for Editor in 0.97 ms, found 3 plugins.
Preloading 0 native plugins for Editor in 0.00 ms.
Mono: successfully reloaded assembly
- Completed reload, in  1.320 seconds
Domain Reload Profiling:
	ReloadAssembly (1321ms)
		BeginReloadAssembly (168ms)
			ExecutionOrderSort (0ms)
			DisableScriptedObjects (10ms)
			BackupInstance (0ms)
			ReleaseScriptingObjects (0ms)
			CreateAndSetChildDomain (43ms)
		EndReloadAssembly (1023ms)
			LoadAssemblies (134ms)
			RebuildTransferFunctionScriptingTraits (0ms)
			SetupTypeCache (299ms)
			ReleaseScriptCaches (2ms)
			RebuildScriptCaches (50ms)
			SetupLoadedEditorAssemblies (477ms)
				LogAssemblyErrors (0ms)
				InitializePlatformSupportModulesInManaged (16ms)
				SetLoadedEditorAssemblies (1ms)
				RefreshPlugins (1ms)
				BeforeProcessingInitializeOnLoad (81ms)
				ProcessInitializeOnLoadAttributes (223ms)
				ProcessInitializeOnLoadMethodAttributes (145ms)
				AfterProcessingInitializeOnLoad (10ms)
				EditorAssembliesLoaded (0ms)
			ExecutionOrderSort2 (0ms)
			AwakeInstancesAfterBackupRestoration (7ms)
Platform modules already initialized, skipping
Refreshing native plugins compatible for Editor in 12.29 ms, found 3 plugins.
Preloading 0 native plugins for Editor in 0.00 ms.
Unloading 3858 Unused Serialized files (Serialized files now loaded: 0)
Unloading 51 unused Assets / (80.3 KB). Loaded Objects now: 4350.
Memory consumption went from 136.1 MB to 136.0 MB.
Total: 7.659100 ms (FindLiveObjects: 0.348000 ms CreateObjectMapping: 0.092100 ms MarkObjects: 7.094700 ms  DeleteObjects: 0.122500 ms)

AssetImportParameters requested are different than current active one (requested -> active):
  custom:video-decoder-ogg-theora: a1e56fd34408186e4bbccfd4996cb3dc -> 
  custom:container-muxer-webm: aa71ff27fc2769a1b78a27578f13a17b -> 
  custom:container-demuxer-webm: 4f35f7cbe854078d1ac9338744f61a02 -> 
  custom:video-encoder-webm-vp8: eb34c28f22e8b96e1ab97ce403110664 -> 
  custom:audio-encoder-webm-vorbis: bf7c407c2cedff20999df2af8eb42d56 -> 
  custom:framework-win-MediaFoundation: 216162199b28c13a410421893ffa2e32 -> 
  custom:container-demuxer-ogg: 62fdf1f143b41e24485cea50d1cbac27 -> 
  custom:video-decoder-webm-vp8: 9c59270c3fd7afecdb556c50c9e8de78 -> 
  custom:audio-decoder-ogg-vorbis: bf7c407c2cedff20999df2af8eb42d56 -> 
========================================================================
Received Prepare
Registering precompiled user dll's ...
Registered in 0.020415 seconds.
Begin MonoManager ReloadAssembly
Symbol file LoadedFromMemory doesn't match image E:\UnityProject\MapEditor\Client\Library\PackageCache\com.unity.visualscripting@1.7.6\Editor\VisualScripting.Core\Dependencies\DotNetZip\Unity.VisualScripting.IonicZip.dll
Symbol file LoadedFromMemory doesn't match image E:\UnityProject\MapEditor\Client\Library\PackageCache\com.unity.visualscripting@1.7.6\Editor\VisualScripting.Core\Dependencies\YamlDotNet\Unity.VisualScripting.YamlDotNet.dll
Symbol file LoadedFromMemory is not a mono symbol file
Native extension for WindowsStandalone target not found
Refreshing native plugins compatible for Editor in 1.04 ms, found 3 plugins.
Preloading 0 native plugins for Editor in 0.00 ms.
Mono: successfully reloaded assembly
- Completed reload, in  1.296 seconds
Domain Reload Profiling:
	ReloadAssembly (1297ms)
		BeginReloadAssembly (159ms)
			ExecutionOrderSort (0ms)
			DisableScriptedObjects (8ms)
			BackupInstance (0ms)
			ReleaseScriptingObjects (0ms)
			CreateAndSetChildDomain (41ms)
		EndReloadAssembly (1005ms)
			LoadAssemblies (126ms)
			RebuildTransferFunctionScriptingTraits (0ms)
			SetupTypeCache (288ms)
			ReleaseScriptCaches (1ms)
			RebuildScriptCaches (58ms)
			SetupLoadedEditorAssemblies (471ms)
				LogAssemblyErrors (0ms)
				InitializePlatformSupportModulesInManaged (13ms)
				SetLoadedEditorAssemblies (1ms)
				RefreshPlugins (1ms)
				BeforeProcessingInitializeOnLoad (78ms)
				ProcessInitializeOnLoadAttributes (229ms)
				ProcessInitializeOnLoadMethodAttributes (140ms)
				AfterProcessingInitializeOnLoad (9ms)
				EditorAssembliesLoaded (0ms)
			ExecutionOrderSort2 (0ms)
			AwakeInstancesAfterBackupRestoration (7ms)
Platform modules already initialized, skipping
Refreshing native plugins compatible for Editor in 12.38 ms, found 3 plugins.
Preloading 0 native plugins for Editor in 0.00 ms.
Unloading 3858 Unused Serialized files (Serialized files now loaded: 0)
Unloading 51 unused Assets / (80.5 KB). Loaded Objects now: 4353.
Memory consumption went from 136.1 MB to 136.1 MB.
Total: 7.367900 ms (FindLiveObjects: 0.349200 ms CreateObjectMapping: 0.093600 ms MarkObjects: 6.742900 ms  DeleteObjects: 0.179700 ms)

AssetImportParameters requested are different than current active one (requested -> active):
  custom:video-decoder-ogg-theora: a1e56fd34408186e4bbccfd4996cb3dc -> 
  custom:container-muxer-webm: aa71ff27fc2769a1b78a27578f13a17b -> 
  custom:container-demuxer-webm: 4f35f7cbe854078d1ac9338744f61a02 -> 
  custom:video-encoder-webm-vp8: eb34c28f22e8b96e1ab97ce403110664 -> 
  custom:audio-encoder-webm-vorbis: bf7c407c2cedff20999df2af8eb42d56 -> 
  custom:framework-win-MediaFoundation: 216162199b28c13a410421893ffa2e32 -> 
  custom:container-demuxer-ogg: 62fdf1f143b41e24485cea50d1cbac27 -> 
  custom:video-decoder-webm-vp8: 9c59270c3fd7afecdb556c50c9e8de78 -> 
  custom:audio-decoder-ogg-vorbis: bf7c407c2cedff20999df2af8eb42d56 -> 
========================================================================
Received Prepare
Registering precompiled user dll's ...
Registered in 0.020647 seconds.
Begin MonoManager ReloadAssembly
Symbol file LoadedFromMemory doesn't match image E:\UnityProject\MapEditor\Client\Library\PackageCache\com.unity.visualscripting@1.7.6\Editor\VisualScripting.Core\Dependencies\DotNetZip\Unity.VisualScripting.IonicZip.dll
Symbol file LoadedFromMemory doesn't match image E:\UnityProject\MapEditor\Client\Library\PackageCache\com.unity.visualscripting@1.7.6\Editor\VisualScripting.Core\Dependencies\YamlDotNet\Unity.VisualScripting.YamlDotNet.dll
Symbol file LoadedFromMemory is not a mono symbol file
Native extension for WindowsStandalone target not found
Refreshing native plugins compatible for Editor in 0.96 ms, found 3 plugins.
Preloading 0 native plugins for Editor in 0.00 ms.
Mono: successfully reloaded assembly
- Completed reload, in  1.336 seconds
Domain Reload Profiling:
	ReloadAssembly (1337ms)
		BeginReloadAssembly (181ms)
			ExecutionOrderSort (0ms)
			DisableScriptedObjects (9ms)
			BackupInstance (0ms)
			ReleaseScriptingObjects (0ms)
			CreateAndSetChildDomain (53ms)
		EndReloadAssembly (1020ms)
			LoadAssemblies (137ms)
			RebuildTransferFunctionScriptingTraits (0ms)
			SetupTypeCache (298ms)
			ReleaseScriptCaches (2ms)
			RebuildScriptCaches (48ms)
			SetupLoadedEditorAssemblies (476ms)
				LogAssemblyErrors (0ms)
				InitializePlatformSupportModulesInManaged (13ms)
				SetLoadedEditorAssemblies (1ms)
				RefreshPlugins (1ms)
				BeforeProcessingInitializeOnLoad (80ms)
				ProcessInitializeOnLoadAttributes (224ms)
				ProcessInitializeOnLoadMethodAttributes (148ms)
				AfterProcessingInitializeOnLoad (9ms)
				EditorAssembliesLoaded (0ms)
			ExecutionOrderSort2 (0ms)
			AwakeInstancesAfterBackupRestoration (7ms)
Platform modules already initialized, skipping
Refreshing native plugins compatible for Editor in 13.79 ms, found 3 plugins.
Preloading 0 native plugins for Editor in 0.00 ms.
Unloading 3858 Unused Serialized files (Serialized files now loaded: 0)
Unloading 51 unused Assets / (80.3 KB). Loaded Objects now: 4356.
Memory consumption went from 136.1 MB to 136.1 MB.
Total: 8.734000 ms (FindLiveObjects: 0.399600 ms CreateObjectMapping: 0.119900 ms MarkObjects: 8.086400 ms  DeleteObjects: 0.125600 ms)

AssetImportParameters requested are different than current active one (requested -> active):
  custom:video-decoder-ogg-theora: a1e56fd34408186e4bbccfd4996cb3dc -> 
  custom:container-muxer-webm: aa71ff27fc2769a1b78a27578f13a17b -> 
  custom:container-demuxer-webm: 4f35f7cbe854078d1ac9338744f61a02 -> 
  custom:video-encoder-webm-vp8: eb34c28f22e8b96e1ab97ce403110664 -> 
  custom:audio-encoder-webm-vorbis: bf7c407c2cedff20999df2af8eb42d56 -> 
  custom:framework-win-MediaFoundation: 216162199b28c13a410421893ffa2e32 -> 
  custom:container-demuxer-ogg: 62fdf1f143b41e24485cea50d1cbac27 -> 
  custom:video-decoder-webm-vp8: 9c59270c3fd7afecdb556c50c9e8de78 -> 
  custom:audio-decoder-ogg-vorbis: bf7c407c2cedff20999df2af8eb42d56 -> 
========================================================================
Received Import Request.
  Time since last request: 5158.560029 seconds.
  path: Assets/Editor/ImportMap.cs
  artifactKey: Guid(4e13a384cae954a4c93037b7a36ed58c) Importer(815301076,1909f56bfc062723c751e8b465ee728b)
Start importing Assets/Editor/ImportMap.cs using Guid(4e13a384cae954a4c93037b7a36ed58c) Importer(815301076,1909f56bfc062723c751e8b465ee728b)  -> (artifact id: 'b91ef138642d0aa86e2476f932422075') in 0.018877 seconds 
========================================================================
Received Import Request.
  Time since last request: 0.522047 seconds.
  path: Assets/Editor/ClearMapUtil.cs
  artifactKey: Guid(bbb03b4ce0d82934ab02a2830a0c77fa) Importer(815301076,1909f56bfc062723c751e8b465ee728b)
Start importing Assets/Editor/ClearMapUtil.cs using Guid(bbb03b4ce0d82934ab02a2830a0c77fa) Importer(815301076,1909f56bfc062723c751e8b465ee728b)  -> (artifact id: 'e98dcbb5683b91f30b9a7fe1cbc37630') in 0.007337 seconds 
========================================================================
Received Import Request.
  Time since last request: 34.178453 seconds.
  path: Assets/Script/MapEditorRoot.cs
  artifactKey: Guid(aec54ddc289ae1349afc575a99a3c1d0) Importer(815301076,1909f56bfc062723c751e8b465ee728b)
Start importing Assets/Script/MapEditorRoot.cs using Guid(aec54ddc289ae1349afc575a99a3c1d0) Importer(815301076,1909f56bfc062723c751e8b465ee728b)  -> (artifact id: '30909b1b3387796538009a5f64a14796') in 0.006982 seconds 
========================================================================
Received Prepare
Registering precompiled user dll's ...
Registered in 0.021619 seconds.
Begin MonoManager ReloadAssembly
Symbol file LoadedFromMemory doesn't match image E:\UnityProject\MapEditor\Client\Library\PackageCache\com.unity.visualscripting@1.7.6\Editor\VisualScripting.Core\Dependencies\DotNetZip\Unity.VisualScripting.IonicZip.dll
Symbol file LoadedFromMemory doesn't match image E:\UnityProject\MapEditor\Client\Library\PackageCache\com.unity.visualscripting@1.7.6\Editor\VisualScripting.Core\Dependencies\YamlDotNet\Unity.VisualScripting.YamlDotNet.dll
Symbol file LoadedFromMemory is not a mono symbol file
Native extension for WindowsStandalone target not found
Refreshing native plugins compatible for Editor in 0.99 ms, found 3 plugins.
Preloading 0 native plugins for Editor in 0.00 ms.
Mono: successfully reloaded assembly
- Completed reload, in  1.265 seconds
Domain Reload Profiling:
	ReloadAssembly (1266ms)
		BeginReloadAssembly (154ms)
			ExecutionOrderSort (0ms)
			DisableScriptedObjects (8ms)
			BackupInstance (0ms)
			ReleaseScriptingObjects (0ms)
			CreateAndSetChildDomain (39ms)
		EndReloadAssembly (991ms)
			LoadAssemblies (127ms)
			RebuildTransferFunctionScriptingTraits (0ms)
			SetupTypeCache (291ms)
			ReleaseScriptCaches (2ms)
			RebuildScriptCaches (50ms)
			SetupLoadedEditorAssemblies (460ms)
				LogAssemblyErrors (0ms)
				InitializePlatformSupportModulesInManaged (13ms)
				SetLoadedEditorAssemblies (1ms)
				RefreshPlugins (1ms)
				BeforeProcessingInitializeOnLoad (77ms)
				ProcessInitializeOnLoadAttributes (213ms)
				ProcessInitializeOnLoadMethodAttributes (147ms)
				AfterProcessingInitializeOnLoad (9ms)
				EditorAssembliesLoaded (0ms)
			ExecutionOrderSort2 (0ms)
			AwakeInstancesAfterBackupRestoration (7ms)
Platform modules already initialized, skipping
Refreshing native plugins compatible for Editor in 12.49 ms, found 3 plugins.
Preloading 0 native plugins for Editor in 0.00 ms.
Unloading 3864 Unused Serialized files (Serialized files now loaded: 0)
Unloading 51 unused Assets / (80.3 KB). Loaded Objects now: 4366.
Memory consumption went from 136.3 MB to 136.2 MB.
Total: 7.973800 ms (FindLiveObjects: 0.443900 ms CreateObjectMapping: 0.114200 ms MarkObjects: 7.286200 ms  DeleteObjects: 0.127900 ms)

AssetImportParameters requested are different than current active one (requested -> active):
  custom:video-decoder-ogg-theora: a1e56fd34408186e4bbccfd4996cb3dc -> 
  custom:container-muxer-webm: aa71ff27fc2769a1b78a27578f13a17b -> 
  custom:container-demuxer-webm: 4f35f7cbe854078d1ac9338744f61a02 -> 
  custom:video-encoder-webm-vp8: eb34c28f22e8b96e1ab97ce403110664 -> 
  custom:audio-encoder-webm-vorbis: bf7c407c2cedff20999df2af8eb42d56 -> 
  custom:framework-win-MediaFoundation: 216162199b28c13a410421893ffa2e32 -> 
  custom:container-demuxer-ogg: 62fdf1f143b41e24485cea50d1cbac27 -> 
  custom:video-decoder-webm-vp8: 9c59270c3fd7afecdb556c50c9e8de78 -> 
  custom:audio-decoder-ogg-vorbis: bf7c407c2cedff20999df2af8eb42d56 -> 
========================================================================
Received Import Request.
  Time since last request: 36.471909 seconds.
  path: Assets/AssetsPackage/Datas/Map
  artifactKey: Guid(b2383cc4f7e26fa45a580c53a4555d32) Importer(815301076,1909f56bfc062723c751e8b465ee728b)
Start importing Assets/AssetsPackage/Datas/Map using Guid(b2383cc4f7e26fa45a580c53a4555d32) Importer(815301076,1909f56bfc062723c751e8b465ee728b)  -> (artifact id: '6da755879491b7f9623a380c2a0fbf76') in 0.012229 seconds 
========================================================================
Received Prepare
Registering precompiled user dll's ...
Registered in 0.017730 seconds.
Begin MonoManager ReloadAssembly
Symbol file LoadedFromMemory doesn't match image E:\UnityProject\MapEditor\Client\Library\PackageCache\com.unity.visualscripting@1.7.6\Editor\VisualScripting.Core\Dependencies\DotNetZip\Unity.VisualScripting.IonicZip.dll
Symbol file LoadedFromMemory doesn't match image E:\UnityProject\MapEditor\Client\Library\PackageCache\com.unity.visualscripting@1.7.6\Editor\VisualScripting.Core\Dependencies\YamlDotNet\Unity.VisualScripting.YamlDotNet.dll
Symbol file LoadedFromMemory is not a mono symbol file
Native extension for WindowsStandalone target not found
Refreshing native plugins compatible for Editor in 1.05 ms, found 3 plugins.
Preloading 0 native plugins for Editor in 0.00 ms.
Mono: successfully reloaded assembly
- Completed reload, in  1.337 seconds
Domain Reload Profiling:
	ReloadAssembly (1338ms)
		BeginReloadAssembly (172ms)
			ExecutionOrderSort (0ms)
			DisableScriptedObjects (8ms)
			BackupInstance (0ms)
			ReleaseScriptingObjects (0ms)
			CreateAndSetChildDomain (43ms)
		EndReloadAssembly (1035ms)
			LoadAssemblies (139ms)
			RebuildTransferFunctionScriptingTraits (0ms)
			SetupTypeCache (310ms)
			ReleaseScriptCaches (2ms)
			RebuildScriptCaches (48ms)
			SetupLoadedEditorAssemblies (485ms)
				LogAssemblyErrors (0ms)
				InitializePlatformSupportModulesInManaged (17ms)
				SetLoadedEditorAssemblies (1ms)
				RefreshPlugins (1ms)
				BeforeProcessingInitializeOnLoad (84ms)
				ProcessInitializeOnLoadAttributes (229ms)
				ProcessInitializeOnLoadMethodAttributes (144ms)
				AfterProcessingInitializeOnLoad (9ms)
				EditorAssembliesLoaded (0ms)
			ExecutionOrderSort2 (0ms)
			AwakeInstancesAfterBackupRestoration (7ms)
Platform modules already initialized, skipping
Refreshing native plugins compatible for Editor in 12.78 ms, found 3 plugins.
Preloading 0 native plugins for Editor in 0.00 ms.
Unloading 3864 Unused Serialized files (Serialized files now loaded: 0)
Unloading 51 unused Assets / (80.5 KB). Loaded Objects now: 4369.
Memory consumption went from 136.3 MB to 136.2 MB.
Total: 7.119100 ms (FindLiveObjects: 0.356200 ms CreateObjectMapping: 0.093900 ms MarkObjects: 6.545000 ms  DeleteObjects: 0.121500 ms)

AssetImportParameters requested are different than current active one (requested -> active):
  custom:video-decoder-ogg-theora: a1e56fd34408186e4bbccfd4996cb3dc -> 
  custom:container-muxer-webm: aa71ff27fc2769a1b78a27578f13a17b -> 
  custom:container-demuxer-webm: 4f35f7cbe854078d1ac9338744f61a02 -> 
  custom:video-encoder-webm-vp8: eb34c28f22e8b96e1ab97ce403110664 -> 
  custom:audio-encoder-webm-vorbis: bf7c407c2cedff20999df2af8eb42d56 -> 
  custom:framework-win-MediaFoundation: 216162199b28c13a410421893ffa2e32 -> 
  custom:container-demuxer-ogg: 62fdf1f143b41e24485cea50d1cbac27 -> 
  custom:video-decoder-webm-vp8: 9c59270c3fd7afecdb556c50c9e8de78 -> 
  custom:audio-decoder-ogg-vorbis: bf7c407c2cedff20999df2af8eb42d56 -> 
========================================================================
Received Prepare
Registering precompiled user dll's ...
Registered in 0.018807 seconds.
Begin MonoManager ReloadAssembly
Symbol file LoadedFromMemory doesn't match image E:\UnityProject\MapEditor\Client\Library\PackageCache\com.unity.visualscripting@1.7.6\Editor\VisualScripting.Core\Dependencies\DotNetZip\Unity.VisualScripting.IonicZip.dll
Symbol file LoadedFromMemory doesn't match image E:\UnityProject\MapEditor\Client\Library\PackageCache\com.unity.visualscripting@1.7.6\Editor\VisualScripting.Core\Dependencies\YamlDotNet\Unity.VisualScripting.YamlDotNet.dll
Symbol file LoadedFromMemory is not a mono symbol file
Native extension for WindowsStandalone target not found
Refreshing native plugins compatible for Editor in 1.47 ms, found 3 plugins.
Preloading 0 native plugins for Editor in 0.00 ms.
Mono: successfully reloaded assembly
- Completed reload, in  1.502 seconds
Domain Reload Profiling:
	ReloadAssembly (1503ms)
		BeginReloadAssembly (176ms)
			ExecutionOrderSort (0ms)
			DisableScriptedObjects (10ms)
			BackupInstance (0ms)
			ReleaseScriptingObjects (0ms)
			CreateAndSetChildDomain (44ms)
		EndReloadAssembly (1171ms)
			LoadAssemblies (147ms)
			RebuildTransferFunctionScriptingTraits (0ms)
			SetupTypeCache (335ms)
			ReleaseScriptCaches (2ms)
			RebuildScriptCaches (64ms)
			SetupLoadedEditorAssemblies (549ms)
				LogAssemblyErrors (0ms)
				InitializePlatformSupportModulesInManaged (15ms)
				SetLoadedEditorAssemblies (1ms)
				RefreshPlugins (2ms)
				BeforeProcessingInitializeOnLoad (94ms)
				ProcessInitializeOnLoadAttributes (262ms)
				ProcessInitializeOnLoadMethodAttributes (165ms)
				AfterProcessingInitializeOnLoad (10ms)
				EditorAssembliesLoaded (0ms)
			ExecutionOrderSort2 (0ms)
			AwakeInstancesAfterBackupRestoration (8ms)
Platform modules already initialized, skipping
Refreshing native plugins compatible for Editor in 14.13 ms, found 3 plugins.
Preloading 0 native plugins for Editor in 0.00 ms.
Unloading 3864 Unused Serialized files (Serialized files now loaded: 0)
Unloading 51 unused Assets / (80.4 KB). Loaded Objects now: 4372.
Memory consumption went from 136.3 MB to 136.2 MB.
Total: 8.437200 ms (FindLiveObjects: 0.383400 ms CreateObjectMapping: 0.107300 ms MarkObjects: 7.787000 ms  DeleteObjects: 0.158200 ms)

AssetImportParameters requested are different than current active one (requested -> active):
  custom:video-decoder-ogg-theora: a1e56fd34408186e4bbccfd4996cb3dc -> 
  custom:container-muxer-webm: aa71ff27fc2769a1b78a27578f13a17b -> 
  custom:container-demuxer-webm: 4f35f7cbe854078d1ac9338744f61a02 -> 
  custom:video-encoder-webm-vp8: eb34c28f22e8b96e1ab97ce403110664 -> 
  custom:audio-encoder-webm-vorbis: bf7c407c2cedff20999df2af8eb42d56 -> 
  custom:framework-win-MediaFoundation: 216162199b28c13a410421893ffa2e32 -> 
  custom:container-demuxer-ogg: 62fdf1f143b41e24485cea50d1cbac27 -> 
  custom:video-decoder-webm-vp8: 9c59270c3fd7afecdb556c50c9e8de78 -> 
  custom:audio-decoder-ogg-vorbis: bf7c407c2cedff20999df2af8eb42d56 -> 
========================================================================
Received Prepare
Registering precompiled user dll's ...
Registered in 0.022770 seconds.
Begin MonoManager ReloadAssembly
Symbol file LoadedFromMemory doesn't match image E:\UnityProject\MapEditor\Client\Library\PackageCache\com.unity.visualscripting@1.7.6\Editor\VisualScripting.Core\Dependencies\DotNetZip\Unity.VisualScripting.IonicZip.dll
Symbol file LoadedFromMemory doesn't match image E:\UnityProject\MapEditor\Client\Library\PackageCache\com.unity.visualscripting@1.7.6\Editor\VisualScripting.Core\Dependencies\YamlDotNet\Unity.VisualScripting.YamlDotNet.dll
Symbol file LoadedFromMemory is not a mono symbol file
Native extension for WindowsStandalone target not found
Refreshing native plugins compatible for Editor in 1.54 ms, found 3 plugins.
Preloading 0 native plugins for Editor in 0.00 ms.
Mono: successfully reloaded assembly
- Completed reload, in  1.478 seconds
Domain Reload Profiling:
	ReloadAssembly (1479ms)
		BeginReloadAssembly (195ms)
			ExecutionOrderSort (0ms)
			DisableScriptedObjects (11ms)
			BackupInstance (0ms)
			ReleaseScriptingObjects (0ms)
			CreateAndSetChildDomain (55ms)
		EndReloadAssembly (1133ms)
			LoadAssemblies (151ms)
			RebuildTransferFunctionScriptingTraits (0ms)
			SetupTypeCache (351ms)
			ReleaseScriptCaches (2ms)
			RebuildScriptCaches (59ms)
			SetupLoadedEditorAssemblies (503ms)
				LogAssemblyErrors (0ms)
				InitializePlatformSupportModulesInManaged (15ms)
				SetLoadedEditorAssemblies (1ms)
				RefreshPlugins (2ms)
				BeforeProcessingInitializeOnLoad (88ms)
				ProcessInitializeOnLoadAttributes (231ms)
				ProcessInitializeOnLoadMethodAttributes (156ms)
				AfterProcessingInitializeOnLoad (9ms)
				EditorAssembliesLoaded (0ms)
			ExecutionOrderSort2 (0ms)
			AwakeInstancesAfterBackupRestoration (8ms)
Platform modules already initialized, skipping
Refreshing native plugins compatible for Editor in 13.27 ms, found 3 plugins.
Preloading 0 native plugins for Editor in 0.00 ms.
Unloading 3864 Unused Serialized files (Serialized files now loaded: 0)
Unloading 51 unused Assets / (80.4 KB). Loaded Objects now: 4375.
Memory consumption went from 136.3 MB to 136.3 MB.
Total: 8.618600 ms (FindLiveObjects: 0.381600 ms CreateObjectMapping: 0.108800 ms MarkObjects: 7.927900 ms  DeleteObjects: 0.198200 ms)

AssetImportParameters requested are different than current active one (requested -> active):
  custom:video-decoder-ogg-theora: a1e56fd34408186e4bbccfd4996cb3dc -> 
  custom:container-muxer-webm: aa71ff27fc2769a1b78a27578f13a17b -> 
  custom:container-demuxer-webm: 4f35f7cbe854078d1ac9338744f61a02 -> 
  custom:video-encoder-webm-vp8: eb34c28f22e8b96e1ab97ce403110664 -> 
  custom:audio-encoder-webm-vorbis: bf7c407c2cedff20999df2af8eb42d56 -> 
  custom:framework-win-MediaFoundation: 216162199b28c13a410421893ffa2e32 -> 
  custom:container-demuxer-ogg: 62fdf1f143b41e24485cea50d1cbac27 -> 
  custom:video-decoder-webm-vp8: 9c59270c3fd7afecdb556c50c9e8de78 -> 
  custom:audio-decoder-ogg-vorbis: bf7c407c2cedff20999df2af8eb42d56 -> 
========================================================================
Received Import Request.
  Time since last request: 1515.968811 seconds.
  path: Assets/AssetsPackage/Datas/Map/map1.csv
  artifactKey: Guid(bd3310f6be4a46c4caac25fd5056b59a) Importer(815301076,1909f56bfc062723c751e8b465ee728b)
Start importing Assets/AssetsPackage/Datas/Map/map1.csv using Guid(bd3310f6be4a46c4caac25fd5056b59a) Importer(815301076,1909f56bfc062723c751e8b465ee728b)  -> (artifact id: 'c38cabe33fe95f78386dff09d8614f59') in 0.022778 seconds 
========================================================================
Received Import Request.
  Time since last request: 6.879203 seconds.
  path: Assets/AssetsPackage/Datas/Map/map5.csv
  artifactKey: Guid(4e3dbb4f5c6de884780e4d1bdc47894a) Importer(815301076,1909f56bfc062723c751e8b465ee728b)
Start importing Assets/AssetsPackage/Datas/Map/map5.csv using Guid(4e3dbb4f5c6de884780e4d1bdc47894a) Importer(815301076,1909f56bfc062723c751e8b465ee728b)  -> (artifact id: 'e930d095987e583e5b5c3daad15f4210') in 0.007100 seconds 
